<?xml version="1.0" encoding="UTF-8"?>
<testsuite xmlns:xsi="http://www.w3.org/2001/XMLSchema-instance" xsi:noNamespaceSchemaLocation="https://maven.apache.org/surefire/maven-surefire-plugin/xsd/surefire-test-report-3.0.xsd" version="3.0" name="com.edusys.DAO.ThongKeDAOTest" time="2.245" tests="5" errors="0" skipped="0" failures="0">
  <properties>
[...]
</properties>
  <testcase name="testGetBangDiem" classname="com.edusys.DAO.ThongKeDAOTest" time="2.213">
    <system-out><![CDATA[Test BangDiem
]]></system-out>
  </testcase>
  <testcase name="testGetDoanhThu" classname="com.edusys.DAO.ThongKeDAOTest" time="0.002">
    <system-out><![CDATA[Test DoanhThu
]]></system-out>
  </testcase>
  <testcase name="testGetNangXuat" classname="com.edusys.DAO.ThongKeDAOTest" time="0.006">
    <system-out><![CDATA[Test NangXuat
]]></system-out>
  </testcase>
  <testcase name="testGetDiemChuyenDe" classname="com.edusys.DAO.ThongKeDAOTest" time="0.003">
    <system-out><![CDATA[Test DiemChuyenDe
]]></system-out>
  </testcase>
  <testcase name="testGetLuongNguoiHoc" classname="com.edusys.DAO.ThongKeDAOTest" time="0.006">
    <system-out><![CDATA[Test LuongNguoiHoc
]]></system-out>
  </testcase>
</testsuite>